<?xml version="1.0" encoding="UTF-8"?>
<!-- Generated by org.testng.reporters.JUnitReportReporter -->
<testsuite hostname="VGORON-PC" name="testng.Test1" tests="3" failures="0" timestamp="27 Feb 2014 13:31:10 GMT" time="22.018" errors="0">
  <testcase name="runTest" time="8.356" classname="testng.Test1"/>
  <testcase name="runTest" time="6.190" classname="testng.Test1"/>
  <testcase name="runTest" time="7.472" classname="testng.Test1"/>
</testsuite> <!-- testng.Test1 -->
