<?xml version="1.0" encoding="UTF-8"?>
<!-- Generated by org.testng.reporters.JUnitReportReporter -->
<testsuite hostname="VGORON-PC" name="testng.Test1" tests="3" failures="0" timestamp="21 Feb 2014 14:38:20 GMT" time="18.688" errors="0">
  <testcase name="runTest" time="6.659" classname="testng.Test1"/>
  <testcase name="runTest" time="5.363" classname="testng.Test1"/>
  <testcase name="runTest" time="6.666" classname="testng.Test1"/>
</testsuite> <!-- testng.Test1 -->
